<?xml version="1.0" encoding="UTF-8"?>
<robot generator="Robot 7.1.1 (Python 3.13.1 on win32)" generated="2024-12-17T17:46:36.777549" rpa="false" schemaversion="5">
<suite id="s1" name="Preenchimento-Correto" source="C:\Users\Teknisa Software\Documents\Test\RobootFramework\Projeto Alura\Roboot-Organo\preenchimento-correto.robot">
<test id="s1-t1" name="Verificar se ao preencher corretamente o formulário os dados são inseridos corretamente na lista e se um novo card é criado no time escolhido" line="19">
<kw name="Dado que eu acesse o Organo">
<kw name="Open Browser" owner="SeleniumLibrary">
<msg time="2024-12-17T17:46:37.172287" level="INFO">Opening browser 'Chrome' to base url 'http://localhost:3000/'.</msg>
<arg>url=http://localhost:3000/</arg>
<arg>browser=Chrome</arg>
<doc>Opens a new browser instance to the optional ``url``.</doc>
<status status="PASS" start="2024-12-17T17:46:37.171863" elapsed="3.456028"/>
</kw>
<status status="PASS" start="2024-12-17T17:46:37.170995" elapsed="3.457206"/>
</kw>
<kw name="E preencha os campos do formulário">
<kw name="Input Text" owner="SeleniumLibrary">
<msg time="2024-12-17T17:46:40.631198" level="INFO">Typing text 'Akemi' into text field 'id:form-nome'.</msg>
<arg>id:form-nome</arg>
<arg>Akemi</arg>
<doc>Types the given ``text`` into the text field identified by ``locator``.</doc>
<status status="PASS" start="2024-12-17T17:46:40.630268" elapsed="0.214019"/>
</kw>
<kw name="Input Text" owner="SeleniumLibrary">
<msg time="2024-12-17T17:46:40.844830" level="INFO">Typing text 'Desenvolvedora' into text field 'id:form-cargo'.</msg>
<arg>id:form-cargo</arg>
<arg>Desenvolvedora</arg>
<doc>Types the given ``text`` into the text field identified by ``locator``.</doc>
<status status="PASS" start="2024-12-17T17:46:40.844513" elapsed="0.149525"/>
</kw>
<kw name="Input Text" owner="SeleniumLibrary">
<msg time="2024-12-17T17:46:40.994480" level="INFO">Typing text 'https://picsum.photos/200/300' into text field 'id:form-imagem'.</msg>
<arg>id:form-imagem</arg>
<arg>https://picsum.photos/200/300</arg>
<doc>Types the given ``text`` into the text field identified by ``locator``.</doc>
<status status="PASS" start="2024-12-17T17:46:40.994268" elapsed="0.172091"/>
</kw>
<kw name="Click Element" owner="SeleniumLibrary">
<msg time="2024-12-17T17:46:41.167056" level="INFO">Clicking element 'class:lista-suspensa'.</msg>
<arg>class:lista-suspensa</arg>
<doc>Click the element identified by ``locator``.</doc>
<status status="PASS" start="2024-12-17T17:46:41.166709" elapsed="0.071104"/>
</kw>
<kw name="Click Element" owner="SeleniumLibrary">
<msg time="2024-12-17T17:46:41.238283" level="INFO">Clicking element '//option[contains(.,'Programação')]'.</msg>
<arg>//option[contains(.,'Programação')]</arg>
<doc>Click the element identified by ``locator``.</doc>
<status status="PASS" start="2024-12-17T17:46:41.238046" elapsed="0.047399"/>
</kw>
<status status="PASS" start="2024-12-17T17:46:40.629211" elapsed="0.656376"/>
</kw>
<kw name="E clique no botão &quot;Criar Card&quot;">
<kw name="Click Element" owner="SeleniumLibrary">
<msg time="2024-12-17T17:46:41.287404" level="INFO">Clicking element 'id:form-botao'.</msg>
<arg>id:form-botao</arg>
<doc>Click the element identified by ``locator``.</doc>
<status status="PASS" start="2024-12-17T17:46:41.286714" elapsed="0.176176"/>
</kw>
<status status="PASS" start="2024-12-17T17:46:41.286116" elapsed="0.177016"/>
</kw>
<kw name="Então identificar o card no time esperado">
<kw name="Element Should Be Visible" owner="SeleniumLibrary">
<msg time="2024-12-17T17:46:41.493080" level="INFO">Element 'class:colaborador' is displayed.</msg>
<arg>class:colaborador</arg>
<doc>Verifies that the element identified by ``locator`` is visible.</doc>
<status status="PASS" start="2024-12-17T17:46:41.464125" elapsed="0.029068"/>
</kw>
<status status="PASS" start="2024-12-17T17:46:41.463719" elapsed="0.029589"/>
</kw>
<status status="PASS" start="2024-12-17T17:46:37.169933" elapsed="4.323663"/>
</test>
<status status="PASS" start="2024-12-17T17:46:36.779464" elapsed="4.715602"/>
</suite>
<statistics>
<total>
<stat pass="1" fail="0" skip="0">All Tests</stat>
</total>
<tag>
</tag>
<suite>
<stat pass="1" fail="0" skip="0" id="s1" name="Preenchimento-Correto">Preenchimento-Correto</stat>
</suite>
</statistics>
<errors>
</errors>
</robot>
